[2m2018-04-16 10:12:06.411[0;39m [32m INFO[0;39m [35m10844[0;39m [2m---[0;39m [2m[           main][0;39m [36mcom.founder.WebApplication              [0;39m [2m:[0;39m Starting WebApplication on zhu-hw with PID 10844 (E:\ownproject\moreModule\web\target\classes started by zhw in E:\ownproject\moreModule)
[2m2018-04-16 10:12:06.414[0;39m [32m INFO[0;39m [35m10844[0;39m [2m---[0;39m [2m[           main][0;39m [36mcom.founder.WebApplication              [0;39m [2m:[0;39m No active profile set, falling back to default profiles: default
[2m2018-04-16 10:12:06.499[0;39m [32m INFO[0;39m [35m10844[0;39m [2m---[0;39m [2m[           main][0;39m [36mationConfigEmbeddedWebApplicationContext[0;39m [2m:[0;39m Refreshing org.springframework.boot.context.embedded.AnnotationConfigEmbeddedWebApplicationContext@24d09c1: startup date [Mon Apr 16 10:12:06 CST 2018]; root of context hierarchy
[2m2018-04-16 10:12:08.254[0;39m [32m INFO[0;39m [35m10844[0;39m [2m---[0;39m [2m[           main][0;39m [36m.s.d.r.c.RepositoryConfigurationDelegate[0;39m [2m:[0;39m Multiple Spring Data modules found, entering strict repository configuration mode!
[2m2018-04-16 10:12:08.324[0;39m [32m INFO[0;39m [35m10844[0;39m [2m---[0;39m [2m[           main][0;39m [36m.RepositoryConfigurationExtensionSupport[0;39m [2m:[0;39m Spring Data JPA - Could not safely identify store assignment for repository candidate interface com.founder.utils.solr.dao.SolrDao.
[2m2018-04-16 10:12:08.381[0;39m [32m INFO[0;39m [35m10844[0;39m [2m---[0;39m [2m[           main][0;39m [36m.s.d.r.c.RepositoryConfigurationDelegate[0;39m [2m:[0;39m Multiple Spring Data modules found, entering strict repository configuration mode!
[2m2018-04-16 10:12:08.425[0;39m [32m INFO[0;39m [35m10844[0;39m [2m---[0;39m [2m[           main][0;39m [36m.RepositoryConfigurationExtensionSupport[0;39m [2m:[0;39m Spring Data Redis - Could not safely identify store assignment for repository candidate interface com.founder.dao.user.IUserDao.
[2m2018-04-16 10:12:08.426[0;39m [32m INFO[0;39m [35m10844[0;39m [2m---[0;39m [2m[           main][0;39m [36m.RepositoryConfigurationExtensionSupport[0;39m [2m:[0;39m Spring Data Redis - Could not safely identify store assignment for repository candidate interface com.founder.dao.commodity.TCommdityDao.
[2m2018-04-16 10:12:08.427[0;39m [32m INFO[0;39m [35m10844[0;39m [2m---[0;39m [2m[           main][0;39m [36m.RepositoryConfigurationExtensionSupport[0;39m [2m:[0;39m Spring Data Redis - Could not safely identify store assignment for repository candidate interface com.founder.utils.solr.dao.SolrDao.
[2m2018-04-16 10:12:08.427[0;39m [32m INFO[0;39m [35m10844[0;39m [2m---[0;39m [2m[           main][0;39m [36m.RepositoryConfigurationExtensionSupport[0;39m [2m:[0;39m Spring Data Redis - Could not safely identify store assignment for repository candidate interface com.founder.dao.log.TLogDao.
[2m2018-04-16 10:12:08.450[0;39m [32m INFO[0;39m [35m10844[0;39m [2m---[0;39m [2m[           main][0;39m [36m.s.d.r.c.RepositoryConfigurationDelegate[0;39m [2m:[0;39m Multiple Spring Data modules found, entering strict repository configuration mode!
[2m2018-04-16 10:12:08.490[0;39m [32m INFO[0;39m [35m10844[0;39m [2m---[0;39m [2m[           main][0;39m [36m.RepositoryConfigurationExtensionSupport[0;39m [2m:[0;39m Spring Data Solr - Could not safely identify store assignment for repository candidate interface com.founder.dao.user.IUserDao.
[2m2018-04-16 10:12:08.491[0;39m [32m INFO[0;39m [35m10844[0;39m [2m---[0;39m [2m[           main][0;39m [36m.RepositoryConfigurationExtensionSupport[0;39m [2m:[0;39m Spring Data Solr - Could not safely identify store assignment for repository candidate interface com.founder.dao.commodity.TCommdityDao.
[2m2018-04-16 10:12:08.492[0;39m [32m INFO[0;39m [35m10844[0;39m [2m---[0;39m [2m[           main][0;39m [36m.RepositoryConfigurationExtensionSupport[0;39m [2m:[0;39m Spring Data Solr - Could not safely identify store assignment for repository candidate interface com.founder.dao.log.TLogDao.
[2m2018-04-16 10:12:09.218[0;39m [32m INFO[0;39m [35m10844[0;39m [2m---[0;39m [2m[           main][0;39m [36mtrationDelegate$BeanPostProcessorChecker[0;39m [2m:[0;39m Bean 'org.springframework.transaction.annotation.ProxyTransactionManagementConfiguration' of type [org.springframework.transaction.annotation.ProxyTransactionManagementConfiguration$$EnhancerBySpringCGLIB$$ec3579ce] is not eligible for getting processed by all BeanPostProcessors (for example: not eligible for auto-proxying)
[2m2018-04-16 10:12:09.389[0;39m [32m INFO[0;39m [35m10844[0;39m [2m---[0;39m [2m[           main][0;39m [36mtrationDelegate$BeanPostProcessorChecker[0;39m [2m:[0;39m Bean 'org.springframework.cache.annotation.ProxyCachingConfiguration' of type [org.springframework.cache.annotation.ProxyCachingConfiguration$$EnhancerBySpringCGLIB$$3547afec] is not eligible for getting processed by all BeanPostProcessors (for example: not eligible for auto-proxying)
[2m2018-04-16 10:12:09.412[0;39m [32m INFO[0;39m [35m10844[0;39m [2m---[0;39m [2m[           main][0;39m [36mtrationDelegate$BeanPostProcessorChecker[0;39m [2m:[0;39m Bean 'org.springframework.boot.autoconfigure.cache.CacheAutoConfiguration' of type [org.springframework.boot.autoconfigure.cache.CacheAutoConfiguration$$EnhancerBySpringCGLIB$$29bb7490] is not eligible for getting processed by all BeanPostProcessors (for example: not eligible for auto-proxying)
[2m2018-04-16 10:12:09.443[0;39m [32m INFO[0;39m [35m10844[0;39m [2m---[0;39m [2m[           main][0;39m [36mtrationDelegate$BeanPostProcessorChecker[0;39m [2m:[0;39m Bean 'org.springframework.boot.autoconfigure.flyway.FlywayAutoConfiguration' of type [org.springframework.boot.autoconfigure.flyway.FlywayAutoConfiguration$$EnhancerBySpringCGLIB$$16af1138] is not eligible for getting processed by all BeanPostProcessors (for example: not eligible for auto-proxying)
[2m2018-04-16 10:12:09.452[0;39m [32m INFO[0;39m [35m10844[0;39m [2m---[0;39m [2m[           main][0;39m [36mtrationDelegate$BeanPostProcessorChecker[0;39m [2m:[0;39m Bean 'stringOrNumberMigrationVersionConverter' of type [org.springframework.boot.autoconfigure.flyway.FlywayAutoConfiguration$StringOrNumberToMigrationVersionConverter] is not eligible for getting processed by all BeanPostProcessors (for example: not eligible for auto-proxying)
[2m2018-04-16 10:12:09.466[0;39m [32m INFO[0;39m [35m10844[0;39m [2m---[0;39m [2m[           main][0;39m [36mtrationDelegate$BeanPostProcessorChecker[0;39m [2m:[0;39m Bean 'spring.cache-org.springframework.boot.autoconfigure.cache.CacheProperties' of type [org.springframework.boot.autoconfigure.cache.CacheProperties] is not eligible for getting processed by all BeanPostProcessors (for example: not eligible for auto-proxying)
[2m2018-04-16 10:12:09.476[0;39m [32m INFO[0;39m [35m10844[0;39m [2m---[0;39m [2m[           main][0;39m [36mtrationDelegate$BeanPostProcessorChecker[0;39m [2m:[0;39m Bean 'cacheManagerCustomizers' of type [org.springframework.boot.autoconfigure.cache.CacheManagerCustomizers] is not eligible for getting processed by all BeanPostProcessors (for example: not eligible for auto-proxying)
[2m2018-04-16 10:12:09.479[0;39m [32m INFO[0;39m [35m10844[0;39m [2m---[0;39m [2m[           main][0;39m [36mtrationDelegate$BeanPostProcessorChecker[0;39m [2m:[0;39m Bean 'org.springframework.boot.autoconfigure.cache.RedisCacheConfiguration' of type [org.springframework.boot.autoconfigure.cache.RedisCacheConfiguration$$EnhancerBySpringCGLIB$$da4d10ea] is not eligible for getting processed by all BeanPostProcessors (for example: not eligible for auto-proxying)
[2m2018-04-16 10:12:09.489[0;39m [32m INFO[0;39m [35m10844[0;39m [2m---[0;39m [2m[           main][0;39m [36mtrationDelegate$BeanPostProcessorChecker[0;39m [2m:[0;39m Bean 'cacheConfiguration' of type [com.founder.redis.CacheConfiguration$$EnhancerBySpringCGLIB$$fc780c6] is not eligible for getting processed by all BeanPostProcessors (for example: not eligible for auto-proxying)
[2m2018-04-16 10:12:09.520[0;39m [32m INFO[0;39m [35m10844[0;39m [2m---[0;39m [2m[           main][0;39m [36mtrationDelegate$BeanPostProcessorChecker[0;39m [2m:[0;39m Bean 'spring.redis-org.springframework.boot.autoconfigure.data.redis.RedisProperties' of type [org.springframework.boot.autoconfigure.data.redis.RedisProperties] is not eligible for getting processed by all BeanPostProcessors (for example: not eligible for auto-proxying)
[2m2018-04-16 10:12:09.528[0;39m [32m INFO[0;39m [35m10844[0;39m [2m---[0;39m [2m[           main][0;39m [36mtrationDelegate$BeanPostProcessorChecker[0;39m [2m:[0;39m Bean 'org.springframework.boot.autoconfigure.data.redis.RedisAutoConfiguration$RedisConnectionConfiguration' of type [org.springframework.boot.autoconfigure.data.redis.RedisAutoConfiguration$RedisConnectionConfiguration$$EnhancerBySpringCGLIB$$802fa0dd] is not eligible for getting processed by all BeanPostProcessors (for example: not eligible for auto-proxying)
[2m2018-04-16 10:12:09.599[0;39m [32m INFO[0;39m [35m10844[0;39m [2m---[0;39m [2m[           main][0;39m [36mtrationDelegate$BeanPostProcessorChecker[0;39m [2m:[0;39m Bean 'redisConnectionFactory' of type [org.springframework.data.redis.connection.jedis.JedisConnectionFactory] is not eligible for getting processed by all BeanPostProcessors (for example: not eligible for auto-proxying)
[2m2018-04-16 10:12:09.679[0;39m [32m INFO[0;39m [35m10844[0;39m [2m---[0;39m [2m[           main][0;39m [36mtrationDelegate$BeanPostProcessorChecker[0;39m [2m:[0;39m Bean 'redisTemplate' of type [org.springframework.data.redis.core.RedisTemplate] is not eligible for getting processed by all BeanPostProcessors (for example: not eligible for auto-proxying)
[2m2018-04-16 10:12:09.740[0;39m [32m INFO[0;39m [35m10844[0;39m [2m---[0;39m [2m[           main][0;39m [36mtrationDelegate$BeanPostProcessorChecker[0;39m [2m:[0;39m Bean 'cacheManager' of type [org.springframework.data.redis.cache.RedisCacheManager] is not eligible for getting processed by all BeanPostProcessors (for example: not eligible for auto-proxying)
[2m2018-04-16 10:12:09.748[0;39m [32m INFO[0;39m [35m10844[0;39m [2m---[0;39m [2m[           main][0;39m [36mtrationDelegate$BeanPostProcessorChecker[0;39m [2m:[0;39m Bean 'cacheAutoConfigurationValidator' of type [org.springframework.boot.autoconfigure.cache.CacheAutoConfiguration$CacheManagerValidator] is not eligible for getting processed by all BeanPostProcessors (for example: not eligible for auto-proxying)
[2m2018-04-16 10:12:10.262[0;39m [32m INFO[0;39m [35m10844[0;39m [2m---[0;39m [2m[           main][0;39m [36ms.b.c.e.t.TomcatEmbeddedServletContainer[0;39m [2m:[0;39m Tomcat initialized with port(s): 10002 (http)
[2m2018-04-16 10:12:10.295[0;39m [32m INFO[0;39m [35m10844[0;39m [2m---[0;39m [2m[           main][0;39m [36mo.apache.catalina.core.StandardService  [0;39m [2m:[0;39m Starting service [Tomcat]
[2m2018-04-16 10:12:10.296[0;39m [32m INFO[0;39m [35m10844[0;39m [2m---[0;39m [2m[           main][0;39m [36morg.apache.catalina.core.StandardEngine [0;39m [2m:[0;39m Starting Servlet Engine: Apache Tomcat/8.5.16
[2m2018-04-16 10:12:10.775[0;39m [32m INFO[0;39m [35m10844[0;39m [2m---[0;39m [2m[ost-startStop-1][0;39m [36morg.apache.jasper.servlet.TldScanner    [0;39m [2m:[0;39m At least one JAR was scanned for TLDs yet contained no TLDs. Enable debug logging for this logger for a complete list of JARs that were scanned but no TLDs were found in them. Skipping unneeded JARs during scanning can improve startup time and JSP compilation time.
[2m2018-04-16 10:12:10.781[0;39m [32m INFO[0;39m [35m10844[0;39m [2m---[0;39m [2m[ost-startStop-1][0;39m [36mo.a.c.c.C.[Tomcat].[localhost].[/]      [0;39m [2m:[0;39m Initializing Spring embedded WebApplicationContext
[2m2018-04-16 10:12:10.781[0;39m [32m INFO[0;39m [35m10844[0;39m [2m---[0;39m [2m[ost-startStop-1][0;39m [36mo.s.web.context.ContextLoader           [0;39m [2m:[0;39m Root WebApplicationContext: initialization completed in 4283 ms
[2m2018-04-16 10:12:11.038[0;39m [32m INFO[0;39m [35m10844[0;39m [2m---[0;39m [2m[ost-startStop-1][0;39m [36mo.s.b.w.servlet.ServletRegistrationBean [0;39m [2m:[0;39m Mapping servlet: 'dispatcherServlet' to [/]
[2m2018-04-16 10:12:11.043[0;39m [32m INFO[0;39m [35m10844[0;39m [2m---[0;39m [2m[ost-startStop-1][0;39m [36mo.s.b.w.servlet.FilterRegistrationBean  [0;39m [2m:[0;39m Mapping filter: 'characterEncodingFilter' to: [/*]
[2m2018-04-16 10:12:11.044[0;39m [32m INFO[0;39m [35m10844[0;39m [2m---[0;39m [2m[ost-startStop-1][0;39m [36mo.s.b.w.servlet.FilterRegistrationBean  [0;39m [2m:[0;39m Mapping filter: 'hiddenHttpMethodFilter' to: [/*]
[2m2018-04-16 10:12:11.044[0;39m [32m INFO[0;39m [35m10844[0;39m [2m---[0;39m [2m[ost-startStop-1][0;39m [36mo.s.b.w.servlet.FilterRegistrationBean  [0;39m [2m:[0;39m Mapping filter: 'httpPutFormContentFilter' to: [/*]
[2m2018-04-16 10:12:11.044[0;39m [32m INFO[0;39m [35m10844[0;39m [2m---[0;39m [2m[ost-startStop-1][0;39m [36mo.s.b.w.servlet.FilterRegistrationBean  [0;39m [2m:[0;39m Mapping filter: 'requestContextFilter' to: [/*]
[2m2018-04-16 10:12:11.385[0;39m [32m INFO[0;39m [35m10844[0;39m [2m---[0;39m [2m[           main][0;39m [36mo.f.core.internal.util.VersionPrinter   [0;39m [2m:[0;39m Flyway 4.0.3 by Boxfuse
[2m2018-04-16 10:12:13.603[0;39m [31mERROR[0;39m [35m10844[0;39m [2m---[0;39m [2m[           main][0;39m [36mo.a.tomcat.jdbc.pool.ConnectionPool     [0;39m [2m:[0;39m Unable to create initial connections of pool.

com.mysql.jdbc.exceptions.jdbc4.CommunicationsException: Communications link failure

The last packet sent successfully to the server was 0 milliseconds ago. The driver has not received any packets from the server.
	at sun.reflect.NativeConstructorAccessorImpl.newInstance0(Native Method)
	at sun.reflect.NativeConstructorAccessorImpl.newInstance(NativeConstructorAccessorImpl.java:62)
	at sun.reflect.DelegatingConstructorAccessorImpl.newInstance(DelegatingConstructorAccessorImpl.java:45)
	at java.lang.reflect.Constructor.newInstance(Constructor.java:423)
	at com.mysql.jdbc.Util.handleNewInstance(Util.java:425)
	at com.mysql.jdbc.SQLError.createCommunicationsException(SQLError.java:989)
	at com.mysql.jdbc.MysqlIO.<init>(MysqlIO.java:341)
	at com.mysql.jdbc.ConnectionImpl.coreConnect(ConnectionImpl.java:2196)
	at com.mysql.jdbc.ConnectionImpl.connectOneTryOnly(ConnectionImpl.java:2229)
	at com.mysql.jdbc.ConnectionImpl.createNewIO(ConnectionImpl.java:2024)
	at com.mysql.jdbc.ConnectionImpl.<init>(ConnectionImpl.java:779)
	at com.mysql.jdbc.JDBC4Connection.<init>(JDBC4Connection.java:47)
	at sun.reflect.NativeConstructorAccessorImpl.newInstance0(Native Method)
	at sun.reflect.NativeConstructorAccessorImpl.newInstance(NativeConstructorAccessorImpl.java:62)
	at sun.reflect.DelegatingConstructorAccessorImpl.newInstance(DelegatingConstructorAccessorImpl.java:45)
	at java.lang.reflect.Constructor.newInstance(Constructor.java:423)
	at com.mysql.jdbc.Util.handleNewInstance(Util.java:425)
	at com.mysql.jdbc.ConnectionImpl.getInstance(ConnectionImpl.java:389)
	at com.mysql.jdbc.NonRegisteringDriver.connect(NonRegisteringDriver.java:330)
	at org.apache.tomcat.jdbc.pool.PooledConnection.connectUsingDriver(PooledConnection.java:310)
	at org.apache.tomcat.jdbc.pool.PooledConnection.connect(PooledConnection.java:203)
	at org.apache.tomcat.jdbc.pool.ConnectionPool.createConnection(ConnectionPool.java:735)
	at org.apache.tomcat.jdbc.pool.ConnectionPool.borrowConnection(ConnectionPool.java:667)
	at org.apache.tomcat.jdbc.pool.ConnectionPool.init(ConnectionPool.java:482)
	at org.apache.tomcat.jdbc.pool.ConnectionPool.<init>(ConnectionPool.java:154)
	at org.apache.tomcat.jdbc.pool.DataSourceProxy.pCreatePool(DataSourceProxy.java:118)
	at org.apache.tomcat.jdbc.pool.DataSourceProxy.createPool(DataSourceProxy.java:107)
	at org.apache.tomcat.jdbc.pool.DataSourceProxy.getConnection(DataSourceProxy.java:131)
	at org.flywaydb.core.internal.util.jdbc.JdbcUtils.openConnection(JdbcUtils.java:50)
	at org.flywaydb.core.Flyway.execute(Flyway.java:1326)
	at org.flywaydb.core.Flyway.migrate(Flyway.java:917)
	at org.springframework.boot.autoconfigure.flyway.FlywayMigrationInitializer.afterPropertiesSet(FlywayMigrationInitializer.java:66)
	at org.springframework.beans.factory.support.AbstractAutowireCapableBeanFactory.invokeInitMethods(AbstractAutowireCapableBeanFactory.java:1687)
	at org.springframework.beans.factory.support.AbstractAutowireCapableBeanFactory.initializeBean(AbstractAutowireCapableBeanFactory.java:1624)
	at org.springframework.beans.factory.support.AbstractAutowireCapableBeanFactory.doCreateBean(AbstractAutowireCapableBeanFactory.java:555)
	at org.springframework.beans.factory.support.AbstractAutowireCapableBeanFactory.createBean(AbstractAutowireCapableBeanFactory.java:483)
	at org.springframework.beans.factory.support.AbstractBeanFactory$1.getObject(AbstractBeanFactory.java:306)
	at org.springframework.beans.factory.support.DefaultSingletonBeanRegistry.getSingleton(DefaultSingletonBeanRegistry.java:230)
	at org.springframework.beans.factory.support.AbstractBeanFactory.doGetBean(AbstractBeanFactory.java:302)
	at org.springframework.beans.factory.support.AbstractBeanFactory.getBean(AbstractBeanFactory.java:197)
	at org.springframework.beans.factory.support.AbstractBeanFactory.doGetBean(AbstractBeanFactory.java:296)
	at org.springframework.beans.factory.support.AbstractBeanFactory.getBean(AbstractBeanFactory.java:197)
	at org.springframework.context.support.AbstractApplicationContext.getBean(AbstractApplicationContext.java:1078)
	at org.springframework.context.support.AbstractApplicationContext.finishBeanFactoryInitialization(AbstractApplicationContext.java:857)
	at org.springframework.context.support.AbstractApplicationContext.refresh(AbstractApplicationContext.java:543)
	at org.springframework.boot.context.embedded.EmbeddedWebApplicationContext.refresh(EmbeddedWebApplicationContext.java:122)
	at org.springframework.boot.SpringApplication.refresh(SpringApplication.java:693)
	at org.springframework.boot.SpringApplication.refreshContext(SpringApplication.java:360)
	at org.springframework.boot.SpringApplication.run(SpringApplication.java:303)
	at org.springframework.boot.SpringApplication.run(SpringApplication.java:1118)
	at org.springframework.boot.SpringApplication.run(SpringApplication.java:1107)
	at com.founder.WebApplication.main(WebApplication.java:16)
Caused by: java.net.ConnectException: Connection refused: connect
	at java.net.DualStackPlainSocketImpl.connect0(Native Method)
	at java.net.DualStackPlainSocketImpl.socketConnect(DualStackPlainSocketImpl.java:79)
	at java.net.AbstractPlainSocketImpl.doConnect(AbstractPlainSocketImpl.java:350)
	at java.net.AbstractPlainSocketImpl.connectToAddress(AbstractPlainSocketImpl.java:206)
	at java.net.AbstractPlainSocketImpl.connect(AbstractPlainSocketImpl.java:188)
	at java.net.PlainSocketImpl.connect(PlainSocketImpl.java:172)
	at java.net.SocksSocketImpl.connect(SocksSocketImpl.java:392)
	at java.net.Socket.connect(Socket.java:589)
	at com.mysql.jdbc.StandardSocketFactory.connect(StandardSocketFactory.java:211)
	at com.mysql.jdbc.MysqlIO.<init>(MysqlIO.java:300)
	... 45 common frames omitted

[2m2018-04-16 10:12:13.616[0;39m [33m WARN[0;39m [35m10844[0;39m [2m---[0;39m [2m[           main][0;39m [36mationConfigEmbeddedWebApplicationContext[0;39m [2m:[0;39m Exception encountered during context initialization - cancelling refresh attempt: org.springframework.beans.factory.BeanCreationException: Error creating bean with name 'flywayInitializer' defined in class path resource [org/springframework/boot/autoconfigure/flyway/FlywayAutoConfiguration$FlywayConfiguration.class]: Invocation of init method failed; nested exception is org.flywaydb.core.api.FlywayException: Unable to obtain Jdbc connection from DataSource
[2m2018-04-16 10:12:13.622[0;39m [32m INFO[0;39m [35m10844[0;39m [2m---[0;39m [2m[           main][0;39m [36mo.apache.catalina.core.StandardService  [0;39m [2m:[0;39m Stopping service [Tomcat]
[2m2018-04-16 10:12:13.720[0;39m [32m INFO[0;39m [35m10844[0;39m [2m---[0;39m [2m[           main][0;39m [36mutoConfigurationReportLoggingInitializer[0;39m [2m:[0;39m 

Error starting ApplicationContext. To display the auto-configuration report re-run your application with 'debug' enabled.
[2m2018-04-16 10:12:13.725[0;39m [31mERROR[0;39m [35m10844[0;39m [2m---[0;39m [2m[           main][0;39m [36mo.s.boot.SpringApplication              [0;39m [2m:[0;39m Application startup failed

org.springframework.beans.factory.BeanCreationException: Error creating bean with name 'flywayInitializer' defined in class path resource [org/springframework/boot/autoconfigure/flyway/FlywayAutoConfiguration$FlywayConfiguration.class]: Invocation of init method failed; nested exception is org.flywaydb.core.api.FlywayException: Unable to obtain Jdbc connection from DataSource
	at org.springframework.beans.factory.support.AbstractAutowireCapableBeanFactory.initializeBean(AbstractAutowireCapableBeanFactory.java:1628)
	at org.springframework.beans.factory.support.AbstractAutowireCapableBeanFactory.doCreateBean(AbstractAutowireCapableBeanFactory.java:555)
	at org.springframework.beans.factory.support.AbstractAutowireCapableBeanFactory.createBean(AbstractAutowireCapableBeanFactory.java:483)
	at org.springframework.beans.factory.support.AbstractBeanFactory$1.getObject(AbstractBeanFactory.java:306)
	at org.springframework.beans.factory.support.DefaultSingletonBeanRegistry.getSingleton(DefaultSingletonBeanRegistry.java:230)
	at org.springframework.beans.factory.support.AbstractBeanFactory.doGetBean(AbstractBeanFactory.java:302)
	at org.springframework.beans.factory.support.AbstractBeanFactory.getBean(AbstractBeanFactory.java:197)
	at org.springframework.beans.factory.support.AbstractBeanFactory.doGetBean(AbstractBeanFactory.java:296)
	at org.springframework.beans.factory.support.AbstractBeanFactory.getBean(AbstractBeanFactory.java:197)
	at org.springframework.context.support.AbstractApplicationContext.getBean(AbstractApplicationContext.java:1078)
	at org.springframework.context.support.AbstractApplicationContext.finishBeanFactoryInitialization(AbstractApplicationContext.java:857)
	at org.springframework.context.support.AbstractApplicationContext.refresh(AbstractApplicationContext.java:543)
	at org.springframework.boot.context.embedded.EmbeddedWebApplicationContext.refresh(EmbeddedWebApplicationContext.java:122)
	at org.springframework.boot.SpringApplication.refresh(SpringApplication.java:693)
	at org.springframework.boot.SpringApplication.refreshContext(SpringApplication.java:360)
	at org.springframework.boot.SpringApplication.run(SpringApplication.java:303)
	at org.springframework.boot.SpringApplication.run(SpringApplication.java:1118)
	at org.springframework.boot.SpringApplication.run(SpringApplication.java:1107)
	at com.founder.WebApplication.main(WebApplication.java:16)
Caused by: org.flywaydb.core.api.FlywayException: Unable to obtain Jdbc connection from DataSource
	at org.flywaydb.core.internal.util.jdbc.JdbcUtils.openConnection(JdbcUtils.java:56)
	at org.flywaydb.core.Flyway.execute(Flyway.java:1326)
	at org.flywaydb.core.Flyway.migrate(Flyway.java:917)
	at org.springframework.boot.autoconfigure.flyway.FlywayMigrationInitializer.afterPropertiesSet(FlywayMigrationInitializer.java:66)
	at org.springframework.beans.factory.support.AbstractAutowireCapableBeanFactory.invokeInitMethods(AbstractAutowireCapableBeanFactory.java:1687)
	at org.springframework.beans.factory.support.AbstractAutowireCapableBeanFactory.initializeBean(AbstractAutowireCapableBeanFactory.java:1624)
	... 18 common frames omitted
Caused by: com.mysql.jdbc.exceptions.jdbc4.CommunicationsException: Communications link failure

The last packet sent successfully to the server was 0 milliseconds ago. The driver has not received any packets from the server.
	at sun.reflect.NativeConstructorAccessorImpl.newInstance0(Native Method)
	at sun.reflect.NativeConstructorAccessorImpl.newInstance(NativeConstructorAccessorImpl.java:62)
	at sun.reflect.DelegatingConstructorAccessorImpl.newInstance(DelegatingConstructorAccessorImpl.java:45)
	at java.lang.reflect.Constructor.newInstance(Constructor.java:423)
	at com.mysql.jdbc.Util.handleNewInstance(Util.java:425)
	at com.mysql.jdbc.SQLError.createCommunicationsException(SQLError.java:989)
	at com.mysql.jdbc.MysqlIO.<init>(MysqlIO.java:341)
	at com.mysql.jdbc.ConnectionImpl.coreConnect(ConnectionImpl.java:2196)
	at com.mysql.jdbc.ConnectionImpl.connectOneTryOnly(ConnectionImpl.java:2229)
	at com.mysql.jdbc.ConnectionImpl.createNewIO(ConnectionImpl.java:2024)
	at com.mysql.jdbc.ConnectionImpl.<init>(ConnectionImpl.java:779)
	at com.mysql.jdbc.JDBC4Connection.<init>(JDBC4Connection.java:47)
	at sun.reflect.NativeConstructorAccessorImpl.newInstance0(Native Method)
	at sun.reflect.NativeConstructorAccessorImpl.newInstance(NativeConstructorAccessorImpl.java:62)
	at sun.reflect.DelegatingConstructorAccessorImpl.newInstance(DelegatingConstructorAccessorImpl.java:45)
	at java.lang.reflect.Constructor.newInstance(Constructor.java:423)
	at com.mysql.jdbc.Util.handleNewInstance(Util.java:425)
	at com.mysql.jdbc.ConnectionImpl.getInstance(ConnectionImpl.java:389)
	at com.mysql.jdbc.NonRegisteringDriver.connect(NonRegisteringDriver.java:330)
	at org.apache.tomcat.jdbc.pool.PooledConnection.connectUsingDriver(PooledConnection.java:310)
	at org.apache.tomcat.jdbc.pool.PooledConnection.connect(PooledConnection.java:203)
	at org.apache.tomcat.jdbc.pool.ConnectionPool.createConnection(ConnectionPool.java:735)
	at org.apache.tomcat.jdbc.pool.ConnectionPool.borrowConnection(ConnectionPool.java:667)
	at org.apache.tomcat.jdbc.pool.ConnectionPool.init(ConnectionPool.java:482)
	at org.apache.tomcat.jdbc.pool.ConnectionPool.<init>(ConnectionPool.java:154)
	at org.apache.tomcat.jdbc.pool.DataSourceProxy.pCreatePool(DataSourceProxy.java:118)
	at org.apache.tomcat.jdbc.pool.DataSourceProxy.createPool(DataSourceProxy.java:107)
	at org.apache.tomcat.jdbc.pool.DataSourceProxy.getConnection(DataSourceProxy.java:131)
	at org.flywaydb.core.internal.util.jdbc.JdbcUtils.openConnection(JdbcUtils.java:50)
	... 23 common frames omitted
Caused by: java.net.ConnectException: Connection refused: connect
	at java.net.DualStackPlainSocketImpl.connect0(Native Method)
	at java.net.DualStackPlainSocketImpl.socketConnect(DualStackPlainSocketImpl.java:79)
	at java.net.AbstractPlainSocketImpl.doConnect(AbstractPlainSocketImpl.java:350)
	at java.net.AbstractPlainSocketImpl.connectToAddress(AbstractPlainSocketImpl.java:206)
	at java.net.AbstractPlainSocketImpl.connect(AbstractPlainSocketImpl.java:188)
	at java.net.PlainSocketImpl.connect(PlainSocketImpl.java:172)
	at java.net.SocksSocketImpl.connect(SocksSocketImpl.java:392)
	at java.net.Socket.connect(Socket.java:589)
	at com.mysql.jdbc.StandardSocketFactory.connect(StandardSocketFactory.java:211)
	at com.mysql.jdbc.MysqlIO.<init>(MysqlIO.java:300)
	... 45 common frames omitted

[2m2018-04-16 10:14:09.529[0;39m [32m INFO[0;39m [35m12180[0;39m [2m---[0;39m [2m[           main][0;39m [36mcom.founder.WebApplication              [0;39m [2m:[0;39m Starting WebApplication on zhu-hw with PID 12180 (E:\ownproject\moreModule\web\target\classes started by zhw in E:\ownproject\moreModule)
[2m2018-04-16 10:14:09.532[0;39m [32m INFO[0;39m [35m12180[0;39m [2m---[0;39m [2m[           main][0;39m [36mcom.founder.WebApplication              [0;39m [2m:[0;39m No active profile set, falling back to default profiles: default
[2m2018-04-16 10:14:09.590[0;39m [32m INFO[0;39m [35m12180[0;39m [2m---[0;39m [2m[           main][0;39m [36mationConfigEmbeddedWebApplicationContext[0;39m [2m:[0;39m Refreshing org.springframework.boot.context.embedded.AnnotationConfigEmbeddedWebApplicationContext@24d09c1: startup date [Mon Apr 16 10:14:09 CST 2018]; root of context hierarchy
[2m2018-04-16 10:14:10.973[0;39m [32m INFO[0;39m [35m12180[0;39m [2m---[0;39m [2m[           main][0;39m [36m.s.d.r.c.RepositoryConfigurationDelegate[0;39m [2m:[0;39m Multiple Spring Data modules found, entering strict repository configuration mode!
[2m2018-04-16 10:14:11.046[0;39m [32m INFO[0;39m [35m12180[0;39m [2m---[0;39m [2m[           main][0;39m [36m.RepositoryConfigurationExtensionSupport[0;39m [2m:[0;39m Spring Data JPA - Could not safely identify store assignment for repository candidate interface com.founder.utils.solr.dao.SolrDao.
[2m2018-04-16 10:14:11.100[0;39m [32m INFO[0;39m [35m12180[0;39m [2m---[0;39m [2m[           main][0;39m [36m.s.d.r.c.RepositoryConfigurationDelegate[0;39m [2m:[0;39m Multiple Spring Data modules found, entering strict repository configuration mode!
[2m2018-04-16 10:14:11.151[0;39m [32m INFO[0;39m [35m12180[0;39m [2m---[0;39m [2m[           main][0;39m [36m.RepositoryConfigurationExtensionSupport[0;39m [2m:[0;39m Spring Data Redis - Could not safely identify store assignment for repository candidate interface com.founder.dao.user.IUserDao.
[2m2018-04-16 10:14:11.152[0;39m [32m INFO[0;39m [35m12180[0;39m [2m---[0;39m [2m[           main][0;39m [36m.RepositoryConfigurationExtensionSupport[0;39m [2m:[0;39m Spring Data Redis - Could not safely identify store assignment for repository candidate interface com.founder.dao.commodity.TCommdityDao.
[2m2018-04-16 10:14:11.152[0;39m [32m INFO[0;39m [35m12180[0;39m [2m---[0;39m [2m[           main][0;39m [36m.RepositoryConfigurationExtensionSupport[0;39m [2m:[0;39m Spring Data Redis - Could not safely identify store assignment for repository candidate interface com.founder.utils.solr.dao.SolrDao.
[2m2018-04-16 10:14:11.156[0;39m [32m INFO[0;39m [35m12180[0;39m [2m---[0;39m [2m[           main][0;39m [36m.RepositoryConfigurationExtensionSupport[0;39m [2m:[0;39m Spring Data Redis - Could not safely identify store assignment for repository candidate interface com.founder.dao.log.TLogDao.
[2m2018-04-16 10:14:11.173[0;39m [32m INFO[0;39m [35m12180[0;39m [2m---[0;39m [2m[           main][0;39m [36m.s.d.r.c.RepositoryConfigurationDelegate[0;39m [2m:[0;39m Multiple Spring Data modules found, entering strict repository configuration mode!
[2m2018-04-16 10:14:11.225[0;39m [32m INFO[0;39m [35m12180[0;39m [2m---[0;39m [2m[           main][0;39m [36m.RepositoryConfigurationExtensionSupport[0;39m [2m:[0;39m Spring Data Solr - Could not safely identify store assignment for repository candidate interface com.founder.dao.user.IUserDao.
[2m2018-04-16 10:14:11.226[0;39m [32m INFO[0;39m [35m12180[0;39m [2m---[0;39m [2m[           main][0;39m [36m.RepositoryConfigurationExtensionSupport[0;39m [2m:[0;39m Spring Data Solr - Could not safely identify store assignment for repository candidate interface com.founder.dao.commodity.TCommdityDao.
[2m2018-04-16 10:14:11.226[0;39m [32m INFO[0;39m [35m12180[0;39m [2m---[0;39m [2m[           main][0;39m [36m.RepositoryConfigurationExtensionSupport[0;39m [2m:[0;39m Spring Data Solr - Could not safely identify store assignment for repository candidate interface com.founder.dao.log.TLogDao.
[2m2018-04-16 10:14:11.938[0;39m [32m INFO[0;39m [35m12180[0;39m [2m---[0;39m [2m[           main][0;39m [36mtrationDelegate$BeanPostProcessorChecker[0;39m [2m:[0;39m Bean 'org.springframework.transaction.annotation.ProxyTransactionManagementConfiguration' of type [org.springframework.transaction.annotation.ProxyTransactionManagementConfiguration$$EnhancerBySpringCGLIB$$8612eade] is not eligible for getting processed by all BeanPostProcessors (for example: not eligible for auto-proxying)
[2m2018-04-16 10:14:12.111[0;39m [32m INFO[0;39m [35m12180[0;39m [2m---[0;39m [2m[           main][0;39m [36mtrationDelegate$BeanPostProcessorChecker[0;39m [2m:[0;39m Bean 'org.springframework.cache.annotation.ProxyCachingConfiguration' of type [org.springframework.cache.annotation.ProxyCachingConfiguration$$EnhancerBySpringCGLIB$$cf2520fc] is not eligible for getting processed by all BeanPostProcessors (for example: not eligible for auto-proxying)
[2m2018-04-16 10:14:12.141[0;39m [32m INFO[0;39m [35m12180[0;39m [2m---[0;39m [2m[           main][0;39m [36mtrationDelegate$BeanPostProcessorChecker[0;39m [2m:[0;39m Bean 'org.springframework.boot.autoconfigure.cache.CacheAutoConfiguration' of type [org.springframework.boot.autoconfigure.cache.CacheAutoConfiguration$$EnhancerBySpringCGLIB$$c398e5a0] is not eligible for getting processed by all BeanPostProcessors (for example: not eligible for auto-proxying)
[2m2018-04-16 10:14:12.175[0;39m [32m INFO[0;39m [35m12180[0;39m [2m---[0;39m [2m[           main][0;39m [36mtrationDelegate$BeanPostProcessorChecker[0;39m [2m:[0;39m Bean 'org.springframework.boot.autoconfigure.flyway.FlywayAutoConfiguration' of type [org.springframework.boot.autoconfigure.flyway.FlywayAutoConfiguration$$EnhancerBySpringCGLIB$$b08c8248] is not eligible for getting processed by all BeanPostProcessors (for example: not eligible for auto-proxying)
[2m2018-04-16 10:14:12.186[0;39m [32m INFO[0;39m [35m12180[0;39m [2m---[0;39m [2m[           main][0;39m [36mtrationDelegate$BeanPostProcessorChecker[0;39m [2m:[0;39m Bean 'stringOrNumberMigrationVersionConverter' of type [org.springframework.boot.autoconfigure.flyway.FlywayAutoConfiguration$StringOrNumberToMigrationVersionConverter] is not eligible for getting processed by all BeanPostProcessors (for example: not eligible for auto-proxying)
[2m2018-04-16 10:14:12.211[0;39m [32m INFO[0;39m [35m12180[0;39m [2m---[0;39m [2m[           main][0;39m [36mtrationDelegate$BeanPostProcessorChecker[0;39m [2m:[0;39m Bean 'spring.cache-org.springframework.boot.autoconfigure.cache.CacheProperties' of type [org.springframework.boot.autoconfigure.cache.CacheProperties] is not eligible for getting processed by all BeanPostProcessors (for example: not eligible for auto-proxying)
[2m2018-04-16 10:14:12.225[0;39m [32m INFO[0;39m [35m12180[0;39m [2m---[0;39m [2m[           main][0;39m [36mtrationDelegate$BeanPostProcessorChecker[0;39m [2m:[0;39m Bean 'cacheManagerCustomizers' of type [org.springframework.boot.autoconfigure.cache.CacheManagerCustomizers] is not eligible for getting processed by all BeanPostProcessors (for example: not eligible for auto-proxying)
[2m2018-04-16 10:14:12.241[0;39m [32m INFO[0;39m [35m12180[0;39m [2m---[0;39m [2m[           main][0;39m [36mtrationDelegate$BeanPostProcessorChecker[0;39m [2m:[0;39m Bean 'org.springframework.boot.autoconfigure.cache.RedisCacheConfiguration' of type [org.springframework.boot.autoconfigure.cache.RedisCacheConfiguration$$EnhancerBySpringCGLIB$$742a81fa] is not eligible for getting processed by all BeanPostProcessors (for example: not eligible for auto-proxying)
[2m2018-04-16 10:14:12.254[0;39m [32m INFO[0;39m [35m12180[0;39m [2m---[0;39m [2m[           main][0;39m [36mtrationDelegate$BeanPostProcessorChecker[0;39m [2m:[0;39m Bean 'cacheConfiguration' of type [com.founder.redis.CacheConfiguration$$EnhancerBySpringCGLIB$$a9a4f1d6] is not eligible for getting processed by all BeanPostProcessors (for example: not eligible for auto-proxying)
[2m2018-04-16 10:14:12.272[0;39m [32m INFO[0;39m [35m12180[0;39m [2m---[0;39m [2m[           main][0;39m [36mtrationDelegate$BeanPostProcessorChecker[0;39m [2m:[0;39m Bean 'spring.redis-org.springframework.boot.autoconfigure.data.redis.RedisProperties' of type [org.springframework.boot.autoconfigure.data.redis.RedisProperties] is not eligible for getting processed by all BeanPostProcessors (for example: not eligible for auto-proxying)
[2m2018-04-16 10:14:12.282[0;39m [32m INFO[0;39m [35m12180[0;39m [2m---[0;39m [2m[           main][0;39m [36mtrationDelegate$BeanPostProcessorChecker[0;39m [2m:[0;39m Bean 'org.springframework.boot.autoconfigure.data.redis.RedisAutoConfiguration$RedisConnectionConfiguration' of type [org.springframework.boot.autoconfigure.data.redis.RedisAutoConfiguration$RedisConnectionConfiguration$$EnhancerBySpringCGLIB$$1a0d11ed] is not eligible for getting processed by all BeanPostProcessors (for example: not eligible for auto-proxying)
[2m2018-04-16 10:14:12.325[0;39m [32m INFO[0;39m [35m12180[0;39m [2m---[0;39m [2m[           main][0;39m [36mtrationDelegate$BeanPostProcessorChecker[0;39m [2m:[0;39m Bean 'redisConnectionFactory' of type [org.springframework.data.redis.connection.jedis.JedisConnectionFactory] is not eligible for getting processed by all BeanPostProcessors (for example: not eligible for auto-proxying)
[2m2018-04-16 10:14:12.369[0;39m [32m INFO[0;39m [35m12180[0;39m [2m---[0;39m [2m[           main][0;39m [36mtrationDelegate$BeanPostProcessorChecker[0;39m [2m:[0;39m Bean 'redisTemplate' of type [org.springframework.data.redis.core.RedisTemplate] is not eligible for getting processed by all BeanPostProcessors (for example: not eligible for auto-proxying)
[2m2018-04-16 10:14:12.409[0;39m [32m INFO[0;39m [35m12180[0;39m [2m---[0;39m [2m[           main][0;39m [36mtrationDelegate$BeanPostProcessorChecker[0;39m [2m:[0;39m Bean 'cacheManager' of type [org.springframework.data.redis.cache.RedisCacheManager] is not eligible for getting processed by all BeanPostProcessors (for example: not eligible for auto-proxying)
[2m2018-04-16 10:14:12.414[0;39m [32m INFO[0;39m [35m12180[0;39m [2m---[0;39m [2m[           main][0;39m [36mtrationDelegate$BeanPostProcessorChecker[0;39m [2m:[0;39m Bean 'cacheAutoConfigurationValidator' of type [org.springframework.boot.autoconfigure.cache.CacheAutoConfiguration$CacheManagerValidator] is not eligible for getting processed by all BeanPostProcessors (for example: not eligible for auto-proxying)
[2m2018-04-16 10:14:12.955[0;39m [32m INFO[0;39m [35m12180[0;39m [2m---[0;39m [2m[           main][0;39m [36ms.b.c.e.t.TomcatEmbeddedServletContainer[0;39m [2m:[0;39m Tomcat initialized with port(s): 10002 (http)
[2m2018-04-16 10:14:12.969[0;39m [32m INFO[0;39m [35m12180[0;39m [2m---[0;39m [2m[           main][0;39m [36mo.apache.catalina.core.StandardService  [0;39m [2m:[0;39m Starting service [Tomcat]
[2m2018-04-16 10:14:12.971[0;39m [32m INFO[0;39m [35m12180[0;39m [2m---[0;39m [2m[           main][0;39m [36morg.apache.catalina.core.StandardEngine [0;39m [2m:[0;39m Starting Servlet Engine: Apache Tomcat/8.5.16
[2m2018-04-16 10:14:13.419[0;39m [32m INFO[0;39m [35m12180[0;39m [2m---[0;39m [2m[ost-startStop-1][0;39m [36morg.apache.jasper.servlet.TldScanner    [0;39m [2m:[0;39m At least one JAR was scanned for TLDs yet contained no TLDs. Enable debug logging for this logger for a complete list of JARs that were scanned but no TLDs were found in them. Skipping unneeded JARs during scanning can improve startup time and JSP compilation time.
[2m2018-04-16 10:14:13.424[0;39m [32m INFO[0;39m [35m12180[0;39m [2m---[0;39m [2m[ost-startStop-1][0;39m [36mo.a.c.c.C.[Tomcat].[localhost].[/]      [0;39m [2m:[0;39m Initializing Spring embedded WebApplicationContext
[2m2018-04-16 10:14:13.425[0;39m [32m INFO[0;39m [35m12180[0;39m [2m---[0;39m [2m[ost-startStop-1][0;39m [36mo.s.web.context.ContextLoader           [0;39m [2m:[0;39m Root WebApplicationContext: initialization completed in 3834 ms
[2m2018-04-16 10:14:13.687[0;39m [32m INFO[0;39m [35m12180[0;39m [2m---[0;39m [2m[ost-startStop-1][0;39m [36mo.s.b.w.servlet.ServletRegistrationBean [0;39m [2m:[0;39m Mapping servlet: 'dispatcherServlet' to [/]
[2m2018-04-16 10:14:13.699[0;39m [32m INFO[0;39m [35m12180[0;39m [2m---[0;39m [2m[ost-startStop-1][0;39m [36mo.s.b.w.servlet.FilterRegistrationBean  [0;39m [2m:[0;39m Mapping filter: 'characterEncodingFilter' to: [/*]
[2m2018-04-16 10:14:13.700[0;39m [32m INFO[0;39m [35m12180[0;39m [2m---[0;39m [2m[ost-startStop-1][0;39m [36mo.s.b.w.servlet.FilterRegistrationBean  [0;39m [2m:[0;39m Mapping filter: 'hiddenHttpMethodFilter' to: [/*]
[2m2018-04-16 10:14:13.701[0;39m [32m INFO[0;39m [35m12180[0;39m [2m---[0;39m [2m[ost-startStop-1][0;39m [36mo.s.b.w.servlet.FilterRegistrationBean  [0;39m [2m:[0;39m Mapping filter: 'httpPutFormContentFilter' to: [/*]
[2m2018-04-16 10:14:13.701[0;39m [32m INFO[0;39m [35m12180[0;39m [2m---[0;39m [2m[ost-startStop-1][0;39m [36mo.s.b.w.servlet.FilterRegistrationBean  [0;39m [2m:[0;39m Mapping filter: 'requestContextFilter' to: [/*]
[2m2018-04-16 10:14:14.012[0;39m [32m INFO[0;39m [35m12180[0;39m [2m---[0;39m [2m[           main][0;39m [36mo.f.core.internal.util.VersionPrinter   [0;39m [2m:[0;39m Flyway 4.0.3 by Boxfuse
[2m2018-04-16 10:14:14.424[0;39m [32m INFO[0;39m [35m12180[0;39m [2m---[0;39m [2m[           main][0;39m [36mo.f.c.i.dbsupport.DbSupportFactory      [0;39m [2m:[0;39m Database: jdbc:mysql://localhost:3306/localstudy?characterEncoding=UTF-8 (MySQL 5.1)
[2m2018-04-16 10:14:14.512[0;39m [32m INFO[0;39m [35m12180[0;39m [2m---[0;39m [2m[           main][0;39m [36mo.f.core.internal.command.DbValidate    [0;39m [2m:[0;39m Successfully validated 11 migrations (execution time 00:00.026s)
[2m2018-04-16 10:14:14.548[0;39m [32m INFO[0;39m [35m12180[0;39m [2m---[0;39m [2m[           main][0;39m [36mo.f.core.internal.command.DbMigrate     [0;39m [2m:[0;39m Current version of schema `localstudy`: 1.20171211.3
[2m2018-04-16 10:14:14.552[0;39m [32m INFO[0;39m [35m12180[0;39m [2m---[0;39m [2m[           main][0;39m [36mo.f.core.internal.command.DbMigrate     [0;39m [2m:[0;39m Schema `localstudy` is up to date. No migration necessary.
[2m2018-04-16 10:14:14.810[0;39m [32m INFO[0;39m [35m12180[0;39m [2m---[0;39m [2m[           main][0;39m [36mj.LocalContainerEntityManagerFactoryBean[0;39m [2m:[0;39m Building JPA container EntityManagerFactory for persistence unit 'default'
[2m2018-04-16 10:14:14.830[0;39m [32m INFO[0;39m [35m12180[0;39m [2m---[0;39m [2m[           main][0;39m [36mo.hibernate.jpa.internal.util.LogHelper [0;39m [2m:[0;39m HHH000204: Processing PersistenceUnitInfo [
	name: default
	...]
[2m2018-04-16 10:14:14.939[0;39m [32m INFO[0;39m [35m12180[0;39m [2m---[0;39m [2m[           main][0;39m [36morg.hibernate.Version                   [0;39m [2m:[0;39m HHH000412: Hibernate Core {5.0.12.Final}
[2m2018-04-16 10:14:14.941[0;39m [32m INFO[0;39m [35m12180[0;39m [2m---[0;39m [2m[           main][0;39m [36morg.hibernate.cfg.Environment           [0;39m [2m:[0;39m HHH000206: hibernate.properties not found
[2m2018-04-16 10:14:14.943[0;39m [32m INFO[0;39m [35m12180[0;39m [2m---[0;39m [2m[           main][0;39m [36morg.hibernate.cfg.Environment           [0;39m [2m:[0;39m HHH000021: Bytecode provider name : javassist
[2m2018-04-16 10:14:15.048[0;39m [32m INFO[0;39m [35m12180[0;39m [2m---[0;39m [2m[           main][0;39m [36mo.hibernate.annotations.common.Version  [0;39m [2m:[0;39m HCANN000001: Hibernate Commons Annotations {5.0.1.Final}
[2m2018-04-16 10:14:15.306[0;39m [32m INFO[0;39m [35m12180[0;39m [2m---[0;39m [2m[           main][0;39m [36morg.hibernate.dialect.Dialect           [0;39m [2m:[0;39m HHH000400: Using dialect: org.hibernate.dialect.MySQL5Dialect
[2m2018-04-16 10:14:15.995[0;39m [32m INFO[0;39m [35m12180[0;39m [2m---[0;39m [2m[           main][0;39m [36mj.LocalContainerEntityManagerFactoryBean[0;39m [2m:[0;39m Initialized JPA EntityManagerFactory for persistence unit 'default'
[2m2018-04-16 10:14:17.495[0;39m [32m INFO[0;39m [35m12180[0;39m [2m---[0;39m [2m[           main][0;39m [36mo.s.aop.framework.CglibAopProxy         [0;39m [2m:[0;39m Final method [public final void org.springframework.data.solr.repository.support.SimpleSolrRepository.setSolrOperations(org.springframework.data.solr.core.SolrOperations)] cannot get proxied via CGLIB: Calls to this method will NOT be routed to the target instance and might lead to NPEs against uninitialized fields in the proxy instance.
[2m2018-04-16 10:14:17.496[0;39m [32m INFO[0;39m [35m12180[0;39m [2m---[0;39m [2m[           main][0;39m [36mo.s.aop.framework.CglibAopProxy         [0;39m [2m:[0;39m Final method [public final org.springframework.data.solr.core.SolrOperations org.springframework.data.solr.repository.support.SimpleSolrRepository.getSolrOperations()] cannot get proxied via CGLIB: Calls to this method will NOT be routed to the target instance and might lead to NPEs against uninitialized fields in the proxy instance.
[2m2018-04-16 10:14:17.496[0;39m [32m INFO[0;39m [35m12180[0;39m [2m---[0;39m [2m[           main][0;39m [36mo.s.aop.framework.CglibAopProxy         [0;39m [2m:[0;39m Final method [public final java.lang.String org.springframework.data.solr.repository.support.SimpleSolrRepository.getIdFieldName()] cannot get proxied via CGLIB: Calls to this method will NOT be routed to the target instance and might lead to NPEs against uninitialized fields in the proxy instance.
[2m2018-04-16 10:14:17.496[0;39m [32m INFO[0;39m [35m12180[0;39m [2m---[0;39m [2m[           main][0;39m [36mo.s.aop.framework.CglibAopProxy         [0;39m [2m:[0;39m Final method [public final void org.springframework.data.solr.repository.support.SimpleSolrRepository.setEntityClass(java.lang.Class)] cannot get proxied via CGLIB: Calls to this method will NOT be routed to the target instance and might lead to NPEs against uninitialized fields in the proxy instance.
[2m2018-04-16 10:14:17.496[0;39m [32m INFO[0;39m [35m12180[0;39m [2m---[0;39m [2m[           main][0;39m [36mo.s.aop.framework.CglibAopProxy         [0;39m [2m:[0;39m Final method [public final void org.springframework.data.solr.repository.support.SimpleSolrRepository.setIdFieldName(java.lang.String)] cannot get proxied via CGLIB: Calls to this method will NOT be routed to the target instance and might lead to NPEs against uninitialized fields in the proxy instance.
[2m2018-04-16 10:14:18.208[0;39m [32m INFO[0;39m [35m12180[0;39m [2m---[0;39m [2m[           main][0;39m [36ms.w.s.m.m.a.RequestMappingHandlerMapping[0;39m [2m:[0;39m Mapped "{[/api/user/listAllCommodityByType],methods=[GET],produces=[application/json;charset=UTF-8]}" onto public java.util.List<com.founder.entity.commodity.TCommodityEntity> com.founder.controller.commodity.CommodityApi.list()
[2m2018-04-16 10:14:18.212[0;39m [32m INFO[0;39m [35m12180[0;39m [2m---[0;39m [2m[           main][0;39m [36ms.w.s.m.m.a.RequestMappingHandlerMapping[0;39m [2m:[0;39m Mapped "{[/api/user/getUsersByPageable],methods=[GET],produces=[application/json;charset=UTF-8]}" onto public org.springframework.data.domain.Page<com.founder.entity.user.TUserEntity> com.founder.controller.user.UserApi.getUsersByPageable(java.lang.String,org.springframework.data.domain.Pageable)
[2m2018-04-16 10:14:18.213[0;39m [32m INFO[0;39m [35m12180[0;39m [2m---[0;39m [2m[           main][0;39m [36ms.w.s.m.m.a.RequestMappingHandlerMapping[0;39m [2m:[0;39m Mapped "{[/api/user/getUsersByAge],methods=[GET],produces=[application/json;charset=UTF-8]}" onto public java.util.List<com.founder.entity.user.TUserEntity> com.founder.controller.user.UserApi.getUsersByAge(int)
[2m2018-04-16 10:14:18.214[0;39m [32m INFO[0;39m [35m12180[0;39m [2m---[0;39m [2m[           main][0;39m [36ms.w.s.m.m.a.RequestMappingHandlerMapping[0;39m [2m:[0;39m Mapped "{[/api/user/add],methods=[GET],produces=[application/json;charset=UTF-8]}" onto public java.util.Map<java.lang.String, java.lang.Object> com.founder.controller.user.UserApi.saveUser(com.founder.entity.user.TUserEntity) throws java.io.IOException,org.apache.solr.client.solrj.SolrServerException
[2m2018-04-16 10:14:18.216[0;39m [32m INFO[0;39m [35m12180[0;39m [2m---[0;39m [2m[           main][0;39m [36ms.w.s.m.m.a.RequestMappingHandlerMapping[0;39m [2m:[0;39m Mapped "{[/user/login_view],methods=[GET],produces=[application/json;charset=UTF-8]}" onto public java.lang.String com.founder.controller.user.UserCtrl.loginView()
[2m2018-04-16 10:14:18.216[0;39m [32m INFO[0;39m [35m12180[0;39m [2m---[0;39m [2m[           main][0;39m [36ms.w.s.m.m.a.RequestMappingHandlerMapping[0;39m [2m:[0;39m Mapped "{[/user/login],methods=[GET],produces=[application/json;charset=UTF-8]}" onto public java.lang.String com.founder.controller.user.UserCtrl.userLogin(com.founder.entity.user.TUserEntity,javax.servlet.http.HttpServletRequest,javax.servlet.http.HttpServletResponse) throws java.io.IOException
[2m2018-04-16 10:14:18.216[0;39m [32m INFO[0;39m [35m12180[0;39m [2m---[0;39m [2m[           main][0;39m [36ms.w.s.m.m.a.RequestMappingHandlerMapping[0;39m [2m:[0;39m Mapped "{[/user/index],methods=[GET],produces=[application/json;charset=UTF-8]}" onto public java.lang.String com.founder.controller.user.UserCtrl.loginSuccess(com.founder.entity.user.TUserEntity,javax.servlet.http.HttpServletRequest)
[2m2018-04-16 10:14:18.217[0;39m [32m INFO[0;39m [35m12180[0;39m [2m---[0;39m [2m[           main][0;39m [36ms.w.s.m.m.a.RequestMappingHandlerMapping[0;39m [2m:[0;39m Mapped "{[/user/listAllUsers],methods=[GET],produces=[application/json;charset=UTF-8]}" onto public java.util.List<com.founder.entity.user.TUserEntity> com.founder.controller.user.UserCtrl.listAllUsers()
[2m2018-04-16 10:14:18.218[0;39m [32m INFO[0;39m [35m12180[0;39m [2m---[0;39m [2m[           main][0;39m [36ms.w.s.m.m.a.RequestMappingHandlerMapping[0;39m [2m:[0;39m Mapped "{[/api/solr/searchForPageByName],methods=[GET],produces=[application/json;charset=UTF-8]}" onto public org.springframework.data.domain.Page<com.founder.utils.solr.doc.QueryDoc> com.founder.utils.solr.controller.SolrApi.findByName(java.lang.String,org.springframework.data.domain.Pageable)
[2m2018-04-16 10:14:18.218[0;39m [32m INFO[0;39m [35m12180[0;39m [2m---[0;39m [2m[           main][0;39m [36ms.w.s.m.m.a.RequestMappingHandlerMapping[0;39m [2m:[0;39m Mapped "{[/api/solr/deleteAllIndexs],methods=[GET],produces=[application/json;charset=UTF-8]}" onto public void com.founder.utils.solr.controller.SolrApi.deleteAllIndexs()
[2m2018-04-16 10:14:18.219[0;39m [32m INFO[0;39m [35m12180[0;39m [2m---[0;39m [2m[           main][0;39m [36ms.w.s.m.m.a.RequestMappingHandlerMapping[0;39m [2m:[0;39m Mapped "{[/v2/api-docs],methods=[GET],produces=[application/json || application/hal+json]}" onto public org.springframework.http.ResponseEntity<springfox.documentation.spring.web.json.Json> springfox.documentation.swagger2.web.Swagger2Controller.getDocumentation(java.lang.String,javax.servlet.http.HttpServletRequest)
[2m2018-04-16 10:14:18.221[0;39m [32m INFO[0;39m [35m12180[0;39m [2m---[0;39m [2m[           main][0;39m [36ms.w.s.m.m.a.RequestMappingHandlerMapping[0;39m [2m:[0;39m Mapped "{[/swagger-resources/configuration/security]}" onto org.springframework.http.ResponseEntity<springfox.documentation.swagger.web.SecurityConfiguration> springfox.documentation.swagger.web.ApiResourceController.securityConfiguration()
[2m2018-04-16 10:14:18.222[0;39m [32m INFO[0;39m [35m12180[0;39m [2m---[0;39m [2m[           main][0;39m [36ms.w.s.m.m.a.RequestMappingHandlerMapping[0;39m [2m:[0;39m Mapped "{[/swagger-resources/configuration/ui]}" onto org.springframework.http.ResponseEntity<springfox.documentation.swagger.web.UiConfiguration> springfox.documentation.swagger.web.ApiResourceController.uiConfiguration()
[2m2018-04-16 10:14:18.223[0;39m [32m INFO[0;39m [35m12180[0;39m [2m---[0;39m [2m[           main][0;39m [36ms.w.s.m.m.a.RequestMappingHandlerMapping[0;39m [2m:[0;39m Mapped "{[/swagger-resources]}" onto org.springframework.http.ResponseEntity<java.util.List<springfox.documentation.swagger.web.SwaggerResource>> springfox.documentation.swagger.web.ApiResourceController.swaggerResources()
[2m2018-04-16 10:14:18.229[0;39m [32m INFO[0;39m [35m12180[0;39m [2m---[0;39m [2m[           main][0;39m [36ms.w.s.m.m.a.RequestMappingHandlerMapping[0;39m [2m:[0;39m Mapped "{[/error]}" onto public org.springframework.http.ResponseEntity<java.util.Map<java.lang.String, java.lang.Object>> org.springframework.boot.autoconfigure.web.BasicErrorController.error(javax.servlet.http.HttpServletRequest)
[2m2018-04-16 10:14:18.230[0;39m [32m INFO[0;39m [35m12180[0;39m [2m---[0;39m [2m[           main][0;39m [36ms.w.s.m.m.a.RequestMappingHandlerMapping[0;39m [2m:[0;39m Mapped "{[/error],produces=[text/html]}" onto public org.springframework.web.servlet.ModelAndView org.springframework.boot.autoconfigure.web.BasicErrorController.errorHtml(javax.servlet.http.HttpServletRequest,javax.servlet.http.HttpServletResponse)
[2m2018-04-16 10:14:18.996[0;39m [32m INFO[0;39m [35m12180[0;39m [2m---[0;39m [2m[           main][0;39m [36ms.w.s.m.m.a.RequestMappingHandlerAdapter[0;39m [2m:[0;39m Looking for @ControllerAdvice: org.springframework.boot.context.embedded.AnnotationConfigEmbeddedWebApplicationContext@24d09c1: startup date [Mon Apr 16 10:14:09 CST 2018]; root of context hierarchy
[2m2018-04-16 10:14:19.352[0;39m [32m INFO[0;39m [35m12180[0;39m [2m---[0;39m [2m[           main][0;39m [36mo.s.w.s.handler.SimpleUrlHandlerMapping [0;39m [2m:[0;39m Mapped URL path [/moreModule/**] onto handler of type [class org.springframework.web.servlet.resource.ResourceHttpRequestHandler]
[2m2018-04-16 10:14:19.352[0;39m [32m INFO[0;39m [35m12180[0;39m [2m---[0;39m [2m[           main][0;39m [36mo.s.w.s.handler.SimpleUrlHandlerMapping [0;39m [2m:[0;39m Mapped URL path [/webjars/**] onto handler of type [class org.springframework.web.servlet.resource.ResourceHttpRequestHandler]
[2m2018-04-16 10:14:19.352[0;39m [32m INFO[0;39m [35m12180[0;39m [2m---[0;39m [2m[           main][0;39m [36mo.s.w.s.handler.SimpleUrlHandlerMapping [0;39m [2m:[0;39m Mapped URL path [/**] onto handler of type [class org.springframework.web.servlet.resource.ResourceHttpRequestHandler]
[2m2018-04-16 10:14:19.417[0;39m [32m INFO[0;39m [35m12180[0;39m [2m---[0;39m [2m[           main][0;39m [36mo.s.w.s.handler.SimpleUrlHandlerMapping [0;39m [2m:[0;39m Mapped URL path [/**/favicon.ico] onto handler of type [class org.springframework.web.servlet.resource.ResourceHttpRequestHandler]
[2m2018-04-16 10:14:20.031[0;39m [32m INFO[0;39m [35m12180[0;39m [2m---[0;39m [2m[           main][0;39m [36mo.s.j.e.a.AnnotationMBeanExporter       [0;39m [2m:[0;39m Registering beans for JMX exposure on startup
[2m2018-04-16 10:14:20.044[0;39m [32m INFO[0;39m [35m12180[0;39m [2m---[0;39m [2m[           main][0;39m [36mo.s.c.support.DefaultLifecycleProcessor [0;39m [2m:[0;39m Starting beans in phase 2147483647
[2m2018-04-16 10:14:20.044[0;39m [32m INFO[0;39m [35m12180[0;39m [2m---[0;39m [2m[           main][0;39m [36md.s.w.p.DocumentationPluginsBootstrapper[0;39m [2m:[0;39m Context refreshed
[2m2018-04-16 10:14:20.071[0;39m [32m INFO[0;39m [35m12180[0;39m [2m---[0;39m [2m[           main][0;39m [36md.s.w.p.DocumentationPluginsBootstrapper[0;39m [2m:[0;39m Found 1 custom documentation plugin(s)
[2m2018-04-16 10:14:20.092[0;39m [32m INFO[0;39m [35m12180[0;39m [2m---[0;39m [2m[           main][0;39m [36ms.d.s.w.s.ApiListingReferenceScanner    [0;39m [2m:[0;39m Scanning for api listing references
[2m2018-04-16 10:14:20.617[0;39m [32m INFO[0;39m [35m12180[0;39m [2m---[0;39m [2m[           main][0;39m [36ms.b.c.e.t.TomcatEmbeddedServletContainer[0;39m [2m:[0;39m Tomcat started on port(s): 10002 (http)
[2m2018-04-16 10:14:20.633[0;39m [32m INFO[0;39m [35m12180[0;39m [2m---[0;39m [2m[           main][0;39m [36mcom.founder.WebApplication              [0;39m [2m:[0;39m Started WebApplication in 11.997 seconds (JVM running for 12.971)
